#
# A fatal error has been detected by the Java Runtime Environment:
#
#  EXCEPTION_ACCESS_VIOLATION (0xc0000005) at pc=0x0000000057dd719c, pid=29372, tid=0x0000000000005830
#
# JRE version: Java(TM) SE Runtime Environment (8.0_211-b12) (build 1.8.0_211-b12)
# Java VM: Java HotSpot(TM) 64-Bit Server VM (25.211-b12 mixed mode windows-amd64 compressed oops)
# Problematic frame:
# V  [jvm.dll+0xf719c]
#
# Failed to write core dump. Minidumps are not enabled by default on client versions of Windows
#
# If you would like to submit a bug report, please visit:
#   http://bugreport.java.com/bugreport/crash.jsp
#

---------------  T H R E A D  ---------------

Current thread (0x00000000140c7000):  VMThread [stack: 0x0000000015160000,0x0000000015260000] [id=22576]

siginfo: ExceptionCode=0xc0000005, reading address 0xffffffffffffffff

Registers:
RAX=0x8000000000000000, RBX=0x0000000002c2f1b0, RCX=0x00000000000000ff, RDX=0x0000000000000080
RSP=0x000000001525f538, RBP=0x000000001525f640, RSI=0x00000000000000bb, RDI=0x0000000000000080
R8 =0x0000000002c069d0, R9 =0x0000000000000003, R10=0x0000000000000003, R11=0x000000001dddf3c0
R12=0x000000001525f6d0, R13=0x000000001525f6c0, R14=0x0000000000000000, R15=0x0000000000000000
RIP=0x0000000057dd719c, EFLAGS=0x0000000000010202

Top of Stack: (sp=0x000000001525f538)
0x000000001525f538:   0000000057eb5336 8000000000000000
0x000000001525f548:   0000000000000080 00000000000000bb
0x000000001525f558:   000000001b348010 0000000003c3e818
0x000000001525f568:   0000000003c3e63c 0000000003c3e6a0
0x000000001525f578:   0000000057fe1bde 0000000003c3e817
0x000000001525f588:   000000001525000a 000000001525f588
0x000000001525f598:   0000000057010001 0000000003c3e6a0
0x000000001525f5a8:   0000000057d719cd 00004b14e320f5d1
0x000000001525f5b8:   0000000003c3e6a0 00000000000382c0
0x000000001525f5c8:   000000001b34dea0 0000000002d263e0
0x000000001525f5d8:   0000000057d7224f 00000000140c61e0
0x000000001525f5e8:   0000000057d7fbfe 000000001b34fff8
0x000000001525f5f8:   0000000000000218 000000001b348010
0x000000001525f608:   0000000057d7fdbb 0000000000000000
0x000000001525f618:   0000000057d7fedd 000000001525f6e0
0x000000001525f628:   0000000000000000 000000001ddddac0 

Instructions: (pc=0x0000000057dd719c)
0x0000000057dd717c:   5f c3 cc cc 48 63 c2 48 8b 44 c1 50 48 89 44 24
0x0000000057dd718c:   08 48 8b 44 24 08 0f b6 c8 f6 d1 f6 c1 01 74 05
0x0000000057dd719c:   48 8b 40 10 c3 48 83 e0 fe c3 cc cc cc cc cc cc
0x0000000057dd71ac:   cc cc cc cc 48 89 54 24 10 49 63 c0 48 8b 44 c1 


Register to memory mapping:

RAX=0x8000000000000000 is an unknown value
RBX=0x0000000002c2f1b0 is an unknown value
RCX=0x00000000000000ff is an unknown value
RDX=0x0000000000000080 is an unknown value
RSP=0x000000001525f538 is an unknown value
RBP=0x000000001525f640 is an unknown value
RSI=0x00000000000000bb is an unknown value
RDI=0x0000000000000080 is an unknown value
R8 =0x0000000002c069d0 is an unknown value
R9 =0x0000000000000003 is an unknown value
R10=0x0000000000000003 is an unknown value
R11=0x000000001dddf3c0 is pointing into metadata
R12=0x000000001525f6d0 is an unknown value
R13=0x000000001525f6c0 is an unknown value
R14=0x0000000000000000 is an unknown value
R15=0x0000000000000000 is an unknown value


Stack: [0x0000000015160000,0x0000000015260000],  sp=0x000000001525f538,  free space=1021k
Native frames: (J=compiled Java code, j=interpreted, Vv=VM code, C=native code)
V  [jvm.dll+0xf719c]

VM_Operation (0x0000000015b9f440): RedefineClasses, mode: safepoint, requested by thread 0x000000001411b000, redefining class com.downpayment.controller.HomeController



---------------  P R O C E S S  ---------------

Java Threads: ( => current thread )
  0x000000001ae2a800 JavaThread "HikariPool-3 housekeeper" daemon [_thread_blocked, id=17708, stack(0x0000000019db0000,0x0000000019eb0000)]
  0x000000001ae27800 JavaThread "container-1" [_thread_blocked, id=13432, stack(0x0000000019cb0000,0x0000000019db0000)]
  0x000000001ae2c000 JavaThread "Catalina-utility-2" [_thread_blocked, id=18980, stack(0x0000000017ae0000,0x0000000017be0000)]
  0x000000001ae2b000 JavaThread "Catalina-utility-1" [_thread_blocked, id=29272, stack(0x00000000179e0000,0x0000000017ae0000)]
  0x000000001ae2e000 JavaThread "restartedMain" [_thread_blocked, id=8972, stack(0x00000000178e0000,0x00000000179e0000)]
  0x000000001ae2d800 JavaThread "File Watcher" daemon [_thread_blocked, id=24452, stack(0x00000000174e0000,0x00000000175e0000)]
  0x000000001ae28000 JavaThread "Thread-6" [_thread_blocked, id=7820, stack(0x0000000001090000,0x0000000001190000)]
  0x000000001ae2f000 JavaThread "DestroyJavaVM" [_thread_blocked, id=19720, stack(0x0000000002ae0000,0x0000000002be0000)]
  0x000000001af51000 JavaThread "Live Reload Server" daemon [_thread_in_native, id=24864, stack(0x000000001c480000,0x000000001c580000)]
  0x0000000018622000 JavaThread "RMI TCP Connection(idle)" daemon [_thread_blocked, id=27300, stack(0x000000001a3b0000,0x000000001a4b0000)]
  0x0000000018624000 JavaThread "mysql-cj-abandoned-connection-cleanup" daemon [_thread_blocked, id=4188, stack(0x0000000019eb0000,0x0000000019fb0000)]
  0x00000000169b5000 JavaThread "JMX server connection timeout 20" daemon [_thread_blocked, id=25060, stack(0x00000000175e0000,0x00000000176e0000)]
  0x000000001695c800 JavaThread "RMI Scheduler(0)" daemon [_thread_blocked, id=20872, stack(0x00000000173e0000,0x00000000174e0000)]
  0x000000001686e000 JavaThread "RMI TCP Accept-0" daemon [_thread_in_native, id=25880, stack(0x0000000016fa0000,0x00000000170a0000)]
  0x000000001686c800 JavaThread "RMI TCP Accept-61249" daemon [_thread_in_native, id=29364, stack(0x0000000016ea0000,0x0000000016fa0000)]
  0x0000000016861800 JavaThread "RMI TCP Accept-0" daemon [_thread_in_native, id=23592, stack(0x0000000016da0000,0x0000000016ea0000)]
  0x0000000015eee800 JavaThread "Service Thread" daemon [_thread_blocked, id=28112, stack(0x00000000164a0000,0x00000000165a0000)]
  0x0000000015ece800 JavaThread "C1 CompilerThread2" daemon [_thread_blocked, id=24644, stack(0x00000000163a0000,0x00000000164a0000)]
  0x0000000015ec5000 JavaThread "C2 CompilerThread1" daemon [_thread_blocked, id=28792, stack(0x00000000162a0000,0x00000000163a0000)]
  0x000000001412f800 JavaThread "C2 CompilerThread0" daemon [_thread_blocked, id=11824, stack(0x0000000015da0000,0x0000000015ea0000)]
  0x0000000014121800 JavaThread "JDWP Command Reader" daemon [_thread_in_native, id=23160, stack(0x0000000015ca0000,0x0000000015da0000)]
  0x0000000014120000 JavaThread "JDWP Event Helper Thread" daemon [_thread_blocked, id=25772, stack(0x0000000015ba0000,0x0000000015ca0000)]
  0x000000001411b000 JavaThread "JDWP Transport Listener: dt_socket" daemon [_thread_blocked, id=29588, stack(0x0000000015aa0000,0x0000000015ba0000)]
  0x0000000014107800 JavaThread "Attach Listener" daemon [_thread_blocked, id=4360, stack(0x0000000015660000,0x0000000015760000)]
  0x0000000014106000 JavaThread "Signal Dispatcher" daemon [_thread_blocked, id=25236, stack(0x0000000015560000,0x0000000015660000)]
  0x00000000140f0000 JavaThread "Finalizer" daemon [_thread_blocked, id=14928, stack(0x0000000015360000,0x0000000015460000)]
  0x00000000140c9000 JavaThread "Reference Handler" daemon [_thread_blocked, id=24848, stack(0x0000000015260000,0x0000000015360000)]

Other Threads:
=>0x00000000140c7000 VMThread [stack: 0x0000000015160000,0x0000000015260000] [id=22576]
  0x0000000016875800 WatcherThread [stack: 0x00000000170a0000,0x00000000171a0000] [id=6296]

VM state:at safepoint (normal execution)

VM Mutex/Monitor currently owned by a thread:  ([mutex/lock_event])
[0x0000000002be62d0] Threads_lock - owner thread: 0x00000000140c7000

heap address: 0x00000000e0000000, size: 512 MB, Compressed Oops mode: 32-bit
Narrow klass base: 0x0000000000000000, Narrow klass shift: 3
Compressed class space size: 1073741824 Address: 0x0000000100000000

Heap:
 PSYoungGen      total 151552K, used 50793K [0x00000000f5580000, 0x00000000fff00000, 0x0000000100000000)
  eden space 130560K, 31% used [0x00000000f5580000,0x00000000f7da95e0,0x00000000fd500000)
  from space 20992K, 46% used [0x00000000fd500000,0x00000000fde70fa8,0x00000000fe980000)
  to   space 19968K, 0% used [0x00000000feb80000,0x00000000feb80000,0x00000000fff00000)
 ParOldGen       total 230912K, used 20752K [0x00000000e0000000, 0x00000000ee180000, 0x00000000f5580000)
  object space 230912K, 8% used [0x00000000e0000000,0x00000000e1444188,0x00000000ee180000)
 Metaspace       used 60685K, capacity 64156K, committed 64256K, reserved 1103872K
  class space    used 8561K, capacity 9214K, committed 9216K, reserved 1048576K

Card table byte_map: [0x00000000120a0000,0x00000000121b0000] byte_map_base: 0x00000000119a0000

Marking Bits: (ParMarkBitMap*) 0x0000000058505ce0
 Begin Bits: [0x0000000012660000, 0x0000000012e60000)
 End Bits:   [0x0000000012e60000, 0x0000000013660000)

Polling page: 0x0000000000cf0000

CodeCache: size=245760Kb used=15725Kb max_used=15725Kb free=230034Kb
 bounds [0x0000000002ce0000, 0x0000000003c40000, 0x0000000011ce0000]
 total_blobs=8813 nmethods=8198 adapters=533
 compilation: enabled

Compilation events (10 events):
Event: 925.912 Thread 0x0000000015ece800 8316       1       org.springframework.core.annotation.AnnotationTypeMappings::isAlreadyMapped (38 bytes)
Event: 925.912 Thread 0x0000000015ece800 nmethod 8316 0x0000000003c3cf10 code [0x0000000003c3d080, 0x0000000003c3d228]
Event: 925.912 Thread 0x0000000015ece800 8317       1       org.springframework.core.annotation.AnnotationTypeMappings::addIfPossible (14 bytes)
Event: 925.912 Thread 0x0000000015ece800 nmethod 8317 0x0000000003c3d310 code [0x0000000003c3d480, 0x0000000003c3d5f8]
Event: 925.913 Thread 0x0000000015ece800 8318       1       org.springframework.beans.factory.annotation.QualifierAnnotationAutowireCandidateResolver::isQualifier (52 bytes)
Event: 925.914 Thread 0x0000000015ece800 nmethod 8318 0x0000000003c3d6d0 code [0x0000000003c3d8a0, 0x0000000003c3dc78]
Event: 925.918 Thread 0x0000000015ece800 8319       1       java.util.regex.Pattern::bitsOrSingle (104 bytes)
Event: 925.918 Thread 0x0000000015ece800 nmethod 8319 0x0000000003c3e090 code [0x0000000003c3e200, 0x0000000003c3e438]
Event: 925.918 Thread 0x0000000015ece800 8320       1       java.util.regex.Pattern$BitClass::add (97 bytes)
Event: 925.919 Thread 0x0000000015ece800 nmethod 8320 0x0000000003c3e510 code [0x0000000003c3e6a0, 0x0000000003c3ea18]

GC Heap History (10 events):
Event: 450.609 GC heap before
{Heap before GC invocations=13 (full 3):
 PSYoungGen      total 155648K, used 136704K [0x00000000f5580000, 0x0000000100000000, 0x0000000100000000)
  eden space 136704K, 100% used [0x00000000f5580000,0x00000000fdb00000,0x00000000fdb00000)
  from space 18944K, 0% used [0x00000000fdb00000,0x00000000fdb00000,0x00000000fed80000)
  to   space 18944K, 0% used [0x00000000fed80000,0x00000000fed80000,0x0000000100000000)
 ParOldGen       total 230912K, used 28923K [0x00000000e0000000, 0x00000000ee180000, 0x00000000f5580000)
  object space 230912K, 12% used [0x00000000e0000000,0x00000000e1c3ecd8,0x00000000ee180000)
 Metaspace       used 59396K, capacity 62642K, committed 62848K, reserved 1103872K
  class space    used 8388K, capacity 8965K, committed 9088K, reserved 1048576K
Event: 450.633 GC heap after
Heap after GC invocations=13 (full 3):
 PSYoungGen      total 149504K, used 5164K [0x00000000f5580000, 0x0000000100000000, 0x0000000100000000)
  eden space 130560K, 0% used [0x00000000f5580000,0x00000000f5580000,0x00000000fd500000)
  from space 18944K, 27% used [0x00000000fed80000,0x00000000ff28b108,0x0000000100000000)
  to   space 22016K, 0% used [0x00000000fd500000,0x00000000fd500000,0x00000000fea80000)
 ParOldGen       total 230912K, used 28931K [0x00000000e0000000, 0x00000000ee180000, 0x00000000f5580000)
  object space 230912K, 12% used [0x00000000e0000000,0x00000000e1c40cd8,0x00000000ee180000)
 Metaspace       used 59396K, capacity 62642K, committed 62848K, reserved 1103872K
  class space    used 8388K, capacity 8965K, committed 9088K, reserved 1048576K
}
Event: 738.708 GC heap before
{Heap before GC invocations=14 (full 3):
 PSYoungGen      total 149504K, used 126336K [0x00000000f5580000, 0x0000000100000000, 0x0000000100000000)
  eden space 130560K, 92% used [0x00000000f5580000,0x00000000fcbd5128,0x00000000fd500000)
  from space 18944K, 27% used [0x00000000fed80000,0x00000000ff28b108,0x0000000100000000)
  to   space 22016K, 0% used [0x00000000fd500000,0x00000000fd500000,0x00000000fea80000)
 ParOldGen       total 230912K, used 28931K [0x00000000e0000000, 0x00000000ee180000, 0x00000000f5580000)
  object space 230912K, 12% used [0x00000000e0000000,0x00000000e1c40cd8,0x00000000ee180000)
 Metaspace       used 60195K, capacity 63484K, committed 63616K, reserved 1103872K
  class space    used 8488K, capacity 9083K, committed 9088K, reserved 1048576K
Event: 738.714 GC heap after
Heap after GC invocations=14 (full 3):
 PSYoungGen      total 152576K, used 2800K [0x00000000f5580000, 0x0000000100000000, 0x0000000100000000)
  eden space 130560K, 0% used [0x00000000f5580000,0x00000000f5580000,0x00000000fd500000)
  from space 22016K, 12% used [0x00000000fd500000,0x00000000fd7bc070,0x00000000fea80000)
  to   space 22016K, 0% used [0x00000000fea80000,0x00000000fea80000,0x0000000100000000)
 ParOldGen       total 230912K, used 28939K [0x00000000e0000000, 0x00000000ee180000, 0x00000000f5580000)
  object space 230912K, 12% used [0x00000000e0000000,0x00000000e1c42cd8,0x00000000ee180000)
 Metaspace       used 60195K, capacity 63484K, committed 63616K, reserved 1103872K
  class space    used 8488K, capacity 9083K, committed 9088K, reserved 1048576K
}
Event: 738.714 GC heap before
{Heap before GC invocations=15 (full 4):
 PSYoungGen      total 152576K, used 2800K [0x00000000f5580000, 0x0000000100000000, 0x0000000100000000)
  eden space 130560K, 0% used [0x00000000f5580000,0x00000000f5580000,0x00000000fd500000)
  from space 22016K, 12% used [0x00000000fd500000,0x00000000fd7bc070,0x00000000fea80000)
  to   space 22016K, 0% used [0x00000000fea80000,0x00000000fea80000,0x0000000100000000)
 ParOldGen       total 230912K, used 28939K [0x00000000e0000000, 0x00000000ee180000, 0x00000000f5580000)
  object space 230912K, 12% used [0x00000000e0000000,0x00000000e1c42cd8,0x00000000ee180000)
 Metaspace       used 60195K, capacity 63484K, committed 63616K, reserved 1103872K
  class space    used 8488K, capacity 9083K, committed 9088K, reserved 1048576K
Event: 738.979 GC heap after
Heap after GC invocations=15 (full 4):
 PSYoungGen      total 152576K, used 0K [0x00000000f5580000, 0x0000000100000000, 0x0000000100000000)
  eden space 130560K, 0% used [0x00000000f5580000,0x00000000f5580000,0x00000000fd500000)
  from space 22016K, 0% used [0x00000000fd500000,0x00000000fd500000,0x00000000fea80000)
  to   space 22016K, 0% used [0x00000000fea80000,0x00000000fea80000,0x0000000100000000)
 ParOldGen       total 230912K, used 20736K [0x00000000e0000000, 0x00000000ee180000, 0x00000000f5580000)
  object space 230912K, 8% used [0x00000000e0000000,0x00000000e1440188,0x00000000ee180000)
 Metaspace       used 59998K, capacity 63164K, committed 63616K, reserved 1103872K
  class space    used 8456K, capacity 9025K, committed 9088K, reserved 1048576K
}
Event: 743.831 GC heap before
{Heap before GC invocations=16 (full 4):
 PSYoungGen      total 152576K, used 130560K [0x00000000f5580000, 0x0000000100000000, 0x0000000100000000)
  eden space 130560K, 100% used [0x00000000f5580000,0x00000000fd500000,0x00000000fd500000)
  from space 22016K, 0% used [0x00000000fd500000,0x00000000fd500000,0x00000000fea80000)
  to   space 22016K, 0% used [0x00000000fea80000,0x00000000fea80000,0x0000000100000000)
 ParOldGen       total 230912K, used 20736K [0x00000000e0000000, 0x00000000ee180000, 0x00000000f5580000)
  object space 230912K, 8% used [0x00000000e0000000,0x00000000e1440188,0x00000000ee180000)
 Metaspace       used 60243K, capacity 63582K, committed 63744K, reserved 1103872K
  class space    used 8497K, capacity 9114K, committed 9216K, reserved 1048576K
Event: 743.852 GC heap after
Heap after GC invocations=16 (full 4):
 PSYoungGen      total 150528K, used 6880K [0x00000000f5580000, 0x00000000ffe00000, 0x0000000100000000)
  eden space 130560K, 0% used [0x00000000f5580000,0x00000000f5580000,0x00000000fd500000)
  from space 19968K, 34% used [0x00000000fea80000,0x00000000ff138150,0x00000000ffe00000)
  to   space 20992K, 0% used [0x00000000fd500000,0x00000000fd500000,0x00000000fe980000)
 ParOldGen       total 230912K, used 20744K [0x00000000e0000000, 0x00000000ee180000, 0x00000000f5580000)
  object space 230912K, 8% used [0x00000000e0000000,0x00000000e1442188,0x00000000ee180000)
 Metaspace       used 60243K, capacity 63582K, committed 63744K, reserved 1103872K
  class space    used 8497K, capacity 9114K, committed 9216K, reserved 1048576K
}
Event: 924.444 GC heap before
{Heap before GC invocations=17 (full 4):
 PSYoungGen      total 150528K, used 137398K [0x00000000f5580000, 0x00000000ffe00000, 0x0000000100000000)
  eden space 130560K, 99% used [0x00000000f5580000,0x00000000fd4f5840,0x00000000fd500000)
  from space 19968K, 34% used [0x00000000fea80000,0x00000000ff138150,0x00000000ffe00000)
  to   space 20992K, 0% used [0x00000000fd500000,0x00000000fd500000,0x00000000fe980000)
 ParOldGen       total 230912K, used 20744K [0x00000000e0000000, 0x00000000ee180000, 0x00000000f5580000)
  object space 230912K, 8% used [0x00000000e0000000,0x00000000e1442188,0x00000000ee180000)
 Metaspace       used 60521K, capacity 63996K, committed 64256K, reserved 1103872K
  class space    used 8543K, capacity 9198K, committed 9216K, reserved 1048576K
Event: 924.462 GC heap after
Heap after GC invocations=17 (full 4):
 PSYoungGen      total 151552K, used 9667K [0x00000000f5580000, 0x00000000fff00000, 0x0000000100000000)
  eden space 130560K, 0% used [0x00000000f5580000,0x00000000f5580000,0x00000000fd500000)
  from space 20992K, 46% used [0x00000000fd500000,0x00000000fde70fa8,0x00000000fe980000)
  to   space 19968K, 0% used [0x00000000feb80000,0x00000000feb80000,0x00000000fff00000)
 ParOldGen       total 230912K, used 20752K [0x00000000e0000000, 0x00000000ee180000, 0x00000000f5580000)
  object space 230912K, 8% used [0x00000000e0000000,0x00000000e1444188,0x00000000ee180000)
 Metaspace       used 60521K, capacity 63996K, committed 64256K, reserved 1103872K
  class space    used 8543K, capacity 9198K, committed 9216K, reserved 1048576K
}

Deoptimization events (0 events):
No events

Classes redefined (3 events):
Event: 736.174 Thread 0x00000000140c7000 redefined class name=com.downpayment.controller.HomeController, count=1
Event: 921.034 Thread 0x00000000140c7000 redefined class name=com.downpayment.controller.HomeController, count=2
Event: 921.070 Thread 0x00000000140c7000 redefined class name=com.downpayment.controller.HomeController, count=1

Internal exceptions (10 events):
Event: 925.880 Thread 0x000000001ae2e000 Exception <a 'java/lang/ClassNotFoundException': java/lang/ObjectCustomizer> (0x00000000f7a09338) thrown at [C:\re\workspace\8-2-build-windows-amd64-cygwin\jdk8u211\12973\hotspot\src\share\vm\classfile\systemDictionary.cpp, line 210]
Event: 925.883 Thread 0x000000001ae2e000 Exception <a 'java/lang/ClassNotFoundException': com/downpayment/domain/UserRoleCustomizer> (0x00000000f7a215b8) thrown at [C:\re\workspace\8-2-build-windows-amd64-cygwin\jdk8u211\12973\hotspot\src\share\vm\classfile\systemDictionary.cpp, line 210]
Event: 925.888 Thread 0x000000001ae2e000 Exception <a 'java/lang/ClassNotFoundException': java/lang/ObjectCustomizer> (0x00000000f7a50480) thrown at [C:\re\workspace\8-2-build-windows-amd64-cygwin\jdk8u211\12973\hotspot\src\share\vm\classfile\systemDictionary.cpp, line 210]
Event: 925.890 Thread 0x000000001ae2e000 Exception <a 'java/lang/ClassNotFoundException': com/downpayment/domain/RoleCustomizer> (0x00000000f7a67b60) thrown at [C:\re\workspace\8-2-build-windows-amd64-cygwin\jdk8u211\12973\hotspot\src\share\vm\classfile\systemDictionary.cpp, line 210]
Event: 925.890 Thread 0x000000001ae2e000 Exception <a 'java/lang/ArrayIndexOutOfBoundsException'> (0x00000000f7a6a020) thrown at [C:\re\workspace\8-2-build-windows-amd64-cygwin\jdk8u211\12973\hotspot\src\share\vm\runtime\sharedRuntime.cpp, line 605]
Event: 925.890 Thread 0x000000001ae2e000 Exception <a 'java/lang/ArrayIndexOutOfBoundsException'> (0x00000000f7a6c050) thrown at [C:\re\workspace\8-2-build-windows-amd64-cygwin\jdk8u211\12973\hotspot\src\share\vm\runtime\sharedRuntime.cpp, line 605]
Event: 925.901 Thread 0x000000001ae2e000 Exception <a 'java/lang/ArrayIndexOutOfBoundsException'> (0x00000000f7b137e0) thrown at [C:\re\workspace\8-2-build-windows-amd64-cygwin\jdk8u211\12973\hotspot\src\share\vm\runtime\sharedRuntime.cpp, line 605]
Event: 925.903 Thread 0x000000001ae2e000 Exception <a 'java/lang/reflect/InvocationTargetException'> (0x00000000f7b315c0) thrown at [C:\re\workspace\8-2-build-windows-amd64-cygwin\jdk8u211\12973\hotspot\src\share\vm\runtime\reflection.cpp, line 1092]
Event: 925.905 Thread 0x000000001ae2e000 Exception <a 'java/lang/reflect/InvocationTargetException'> (0x00000000f7b41c20) thrown at [C:\re\workspace\8-2-build-windows-amd64-cygwin\jdk8u211\12973\hotspot\src\share\vm\runtime\reflection.cpp, line 1092]
Event: 925.906 Thread 0x000000001ae2e000 Exception <a 'java/lang/reflect/InvocationTargetException'> (0x00000000f7b50050) thrown at [C:\re\workspace\8-2-build-windows-amd64-cygwin\jdk8u211\12973\hotspot\src\share\vm\runtime\reflection.cpp, line 1092]

Events (10 events):
Event: 926.226 Executing VM operation: GetOrSetLocal
Event: 926.226 Executing VM operation: GetOrSetLocal done
Event: 926.229 Executing VM operation: GetOrSetLocal
Event: 926.229 Executing VM operation: GetOrSetLocal done
Event: 926.234 Executing VM operation: GetOrSetLocal
Event: 926.234 Executing VM operation: GetOrSetLocal done
Event: 930.335 Executing VM operation: RevokeBias
Event: 930.336 Executing VM operation: RevokeBias done
Event: 930.336 Thread 0x000000001ae31000 Thread exited: 0x000000001ae31000
Event: 934.504 Executing VM operation: RedefineClasses


Dynamic libraries:
0x00007ff61f8d0000 - 0x00007ff61f907000 	C:\Program Files\Java\jre1.8.0_211\bin\javaw.exe
0x00007ffa1a340000 - 0x00007ffa1a530000 	C:\WINDOWS\SYSTEM32\ntdll.dll
0x00007ffa191e0000 - 0x00007ffa19292000 	C:\WINDOWS\System32\KERNEL32.DLL
0x00007ffa17310000 - 0x00007ffa175b3000 	C:\WINDOWS\System32\KERNELBASE.dll
0x00007ffa19aa0000 - 0x00007ffa19b43000 	C:\WINDOWS\System32\ADVAPI32.dll
0x00007ffa19c60000 - 0x00007ffa19cfe000 	C:\WINDOWS\System32\msvcrt.dll
0x00007ffa19e40000 - 0x00007ffa19ed7000 	C:\WINDOWS\System32\sechost.dll
0x00007ffa1a1c0000 - 0x00007ffa1a2e0000 	C:\WINDOWS\System32\RPCRT4.dll
0x00007ffa1a020000 - 0x00007ffa1a1b3000 	C:\WINDOWS\System32\USER32.dll
0x00007ffa18110000 - 0x00007ffa18131000 	C:\WINDOWS\System32\win32u.dll
0x00007ffa18ad0000 - 0x00007ffa18af6000 	C:\WINDOWS\System32\GDI32.dll
0x00007ffa181f0000 - 0x00007ffa18384000 	C:\WINDOWS\System32\gdi32full.dll
0x00007ffa177f0000 - 0x00007ffa1788e000 	C:\WINDOWS\System32\msvcp_win.dll
0x00007ffa17890000 - 0x00007ffa1798a000 	C:\WINDOWS\System32\ucrtbase.dll
0x00007ff9f8900000 - 0x00007ff9f8b85000 	C:\WINDOWS\WinSxS\amd64_microsoft.windows.common-controls_6595b64144ccf1df_6.0.18362.239_none_e6c7aebd130c7608\COMCTL32.dll
0x00007ffa185c0000 - 0x00007ffa188f6000 	C:\WINDOWS\System32\combase.dll
0x00007ffa17770000 - 0x00007ffa177f0000 	C:\WINDOWS\System32\bcryptPrimitives.dll
0x00007ffa19d00000 - 0x00007ffa19d2e000 	C:\WINDOWS\System32\IMM32.DLL
0x0000000057c00000 - 0x0000000057cd2000 	C:\Program Files\Java\jre1.8.0_211\bin\msvcr100.dll
0x0000000057ce0000 - 0x0000000058585000 	C:\Program Files\Java\jre1.8.0_211\bin\server\jvm.dll
0x00007ffa18400000 - 0x00007ffa18408000 	C:\WINDOWS\System32\PSAPI.DLL
0x00007ffa10460000 - 0x00007ffa1046a000 	C:\WINDOWS\SYSTEM32\VERSION.dll
0x00007ffa096c0000 - 0x00007ffa096e4000 	C:\WINDOWS\SYSTEM32\WINMM.dll
0x00007ffa09560000 - 0x00007ffa0958d000 	C:\WINDOWS\SYSTEM32\winmmbase.dll
0x00007ffa183b0000 - 0x00007ffa183fa000 	C:\WINDOWS\System32\cfgmgr32.dll
0x00007ff9e7190000 - 0x00007ff9e7199000 	C:\WINDOWS\SYSTEM32\WSOCK32.dll
0x00007ffa19fb0000 - 0x00007ffa1a01f000 	C:\WINDOWS\System32\WS2_32.dll
0x00007ffa149b0000 - 0x00007ffa149bf000 	C:\Program Files\Java\jre1.8.0_211\bin\verify.dll
0x00007ffa11810000 - 0x00007ffa11839000 	C:\Program Files\Java\jre1.8.0_211\bin\java.dll
0x00007ffa0b4c0000 - 0x00007ffa0b4f5000 	C:\Program Files\Java\jre1.8.0_211\bin\jdwp.dll
0x00007ffa116c0000 - 0x00007ffa116c8000 	C:\Program Files\Java\jre1.8.0_211\bin\npt.dll
0x00007ffa117c0000 - 0x00007ffa117d6000 	C:\Program Files\Java\jre1.8.0_211\bin\zip.dll
0x00007ffa18b00000 - 0x00007ffa191e0000 	C:\WINDOWS\System32\SHELL32.dll
0x00007ffa19d90000 - 0x00007ffa19e39000 	C:\WINDOWS\System32\shcore.dll
0x00007ffa17990000 - 0x00007ffa1810b000 	C:\WINDOWS\System32\windows.storage.dll
0x00007ffa17250000 - 0x00007ffa1726f000 	C:\WINDOWS\System32\profapi.dll
0x00007ffa17290000 - 0x00007ffa172da000 	C:\WINDOWS\System32\powrprof.dll
0x00007ffa17220000 - 0x00007ffa17230000 	C:\WINDOWS\System32\UMPDC.dll
0x00007ffa19d30000 - 0x00007ffa19d82000 	C:\WINDOWS\System32\shlwapi.dll
0x00007ffa17230000 - 0x00007ffa17241000 	C:\WINDOWS\System32\kernel.appcore.dll
0x00007ffa18390000 - 0x00007ffa183a7000 	C:\WINDOWS\System32\cryptsp.dll
0x00007ffa0b710000 - 0x00007ffa0b719000 	C:\Program Files\Java\jre1.8.0_211\bin\dt_socket.dll
0x00007ffa12e30000 - 0x00007ffa12e46000 	C:\WINDOWS\system32\napinsp.dll
0x00007ffa12ff0000 - 0x00007ffa1300a000 	C:\WINDOWS\system32\pnrpnsp.dll
0x00007ffa16a40000 - 0x00007ffa16aa7000 	C:\WINDOWS\System32\mswsock.dll
0x00007ffa167f0000 - 0x00007ffa168ba000 	C:\WINDOWS\SYSTEM32\DNSAPI.dll
0x00007ffa19400000 - 0x00007ffa19408000 	C:\WINDOWS\System32\NSI.dll
0x00007ffa167b0000 - 0x00007ffa167ea000 	C:\WINDOWS\SYSTEM32\IPHLPAPI.DLL
0x00007ffa13120000 - 0x00007ffa1312e000 	C:\WINDOWS\System32\winrnr.dll
0x00007ffa10230000 - 0x00007ffa1024c000 	C:\WINDOWS\system32\NLAapi.dll
0x00007ffa13f80000 - 0x00007ffa13f95000 	C:\WINDOWS\system32\wshbth.dll
0x00007ffa13d80000 - 0x00007ffa13df7000 	C:\WINDOWS\System32\fwpuclnt.dll
0x00007ffa172e0000 - 0x00007ffa17306000 	C:\WINDOWS\System32\bcrypt.dll
0x00007ffa12130000 - 0x00007ffa1213a000 	C:\Windows\System32\rasadhlp.dll
0x00007ffa12f30000 - 0x00007ffa12f3d000 	C:\Program Files\Java\jre1.8.0_211\bin\management.dll
0x00007ffa117a0000 - 0x00007ffa117ba000 	C:\Program Files\Java\jre1.8.0_211\bin\net.dll
0x00007ff9fd430000 - 0x00007ff9fd606000 	C:\WINDOWS\SYSTEM32\urlmon.dll
0x00007ff9fe600000 - 0x00007ff9fe8a6000 	C:\WINDOWS\SYSTEM32\iertutil.dll
0x00007ffa16bc0000 - 0x00007ffa16bcc000 	C:\WINDOWS\SYSTEM32\CRYPTBASE.DLL
0x00007ffa11710000 - 0x00007ffa11722000 	C:\Program Files\Java\jre1.8.0_211\bin\nio.dll
0x00007ffa16610000 - 0x00007ffa16643000 	C:\WINDOWS\system32\rsaenh.dll
0x00007ffa17140000 - 0x00007ffa17165000 	C:\WINDOWS\SYSTEM32\USERENV.dll
0x00007ffa13a60000 - 0x00007ffa13a76000 	C:\WINDOWS\SYSTEM32\dhcpcsvc6.DLL
0x00007ffa13450000 - 0x00007ffa1346c000 	C:\WINDOWS\SYSTEM32\dhcpcsvc.DLL
0x00007ffa0b290000 - 0x00007ffa0b2b4000 	C:\Program Files\Java\jre1.8.0_211\bin\sunec.dll
0x00007ffa11800000 - 0x00007ffa1180b000 	C:\Program Files\Java\jre1.8.0_211\bin\sunmscapi.dll
0x00007ffa175c0000 - 0x00007ffa17709000 	C:\WINDOWS\System32\CRYPT32.dll
0x00007ffa17270000 - 0x00007ffa17282000 	C:\WINDOWS\System32\MSASN1.dll
0x00007ffa0fe00000 - 0x00007ffa0fff4000 	C:\WINDOWS\SYSTEM32\dbghelp.dll

VM Arguments:
jvm_args: -agentlib:jdwp=transport=dt_socket,suspend=y,address=localhost:61250 -Dcom.sun.management.jmxremote -Dcom.sun.management.jmxremote.port=61249 -Dcom.sun.management.jmxremote.authenticate=false -Dcom.sun.management.jmxremote.ssl=false -Djava.rmi.server.hostname=localhost -Dspring.jmx.enabled=true -Dspring.application.admin.enabled=true -Xverify:none -XX:TieredStopAtLevel=1 -Dfile.encoding=UTF-8 -Xmx512M 
java_command: com.downpayment.DownpaymentApplication --spring.output.ansi.enabled=always
java_class_path (initial): C:\Users\OkanMazmanoglu\Documents\workspace-spring-tool-suite-4-4.3.0.RELEASE\downpayment\target\classes;C:\Users\OkanMazmanoglu\.m2\repository\org\springframework\boot\spring-boot-starter-data-jpa\2.2.0.BUILD-SNAPSHOT\spring-boot-starter-data-jpa-2.2.0.BUILD-SNAPSHOT.jar;C:\Users\OkanMazmanoglu\.m2\repository\org\springframework\boot\spring-boot-starter-aop\2.2.0.BUILD-SNAPSHOT\spring-boot-starter-aop-2.2.0.BUILD-SNAPSHOT.jar;C:\Users\OkanMazmanoglu\.m2\repository\org\aspectj\aspectjweaver\1.9.4\aspectjweaver-1.9.4.jar;C:\Users\OkanMazmanoglu\.m2\repository\jakarta\activation\jakarta.activation-api\1.2.1\jakarta.activation-api-1.2.1.jar;C:\Users\OkanMazmanoglu\.m2\repository\jakarta\persistence\jakarta.persistence-api\2.2.2\jakarta.persistence-api-2.2.2.jar;C:\Users\OkanMazmanoglu\.m2\repository\jakarta\transaction\jakarta.transaction-api\1.3.2\jakarta.transaction-api-1.3.2.jar;C:\Users\OkanMazmanoglu\.m2\repository\org\hibernate\hibernate-core\5.4.3.Final\hibernate-core-5.4.3.Final.jar;C:\Users\OkanMazmanoglu\.m2\repository\org\jboss\logging\jboss-logging\3.4.0.Final\jboss-logging-3.4.0.Final.jar;C:\Users\OkanMazmanoglu\.m2\repository\org\javassist\javassist\3.24.0-GA\javassist-3.24.0-GA.jar;C:\Users\OkanMazmanoglu\.m2\repository\net\bytebuddy\byte-buddy\1.9.13\byte-buddy-1.9.13.jar;C:\Users\OkanMazmanoglu\.m2\repository\antlr\antlr\2.7.7\antlr-2.7.7.jar;C:\Users\OkanMazmanoglu\.m2\repository\org\jboss\jandex\2.0.5.Final\jandex-2.0.5.Final.jar;C:\Users\OkanMazmanoglu\.m2\repository\com\fasterxml\classmate\1.5.0\classmate-1.5.0.jar;C:\Users\OkanMazmanoglu\.m2\repository\org\dom4j\dom4j\2.1.1\dom4j-2.1.1.jar;C:\Users\OkanMazmanoglu\.m2\repository\org\hibernate\common\hibernate-commons-annotations\5.1.0.Final\hibernate-commons-annotations-5.1.0.Final.jar;C:\Users\OkanMazmanoglu\.m2\repository\org\glassfish\jaxb\jaxb-runtime\2.3.2\jaxb-runtime-2.3.2.jar;C:\Users\OkanMazmanoglu\.m2\repository\org\glassfish\jaxb\txw2\2.3.2\txw2-2.3.2.jar;C:\
Launcher Type: SUN_STANDARD

Environment Variables:
JAVA_HOME=C:\Java\jdk1.8.0_201
_JAVA_OPTIONS=-Xmx512M
PATH=C:/Program Files/Java/jre1.8.0_211/bin/server;C:/Program Files/Java/jre1.8.0_211/bin;C:/Program Files/Java/jre1.8.0_211/lib/amd64;C:\Program Files (x86)\Common Files\Oracle\Java\javapath;C:\WINDOWS\system32;C:\WINDOWS;C:\WINDOWS\System32\Wbem;C:\WINDOWS\System32\WindowsPowerShell\v1.0\;C:\WINDOWS\System32\OpenSSH\;C:\Program Files\dotnet\;C:\Program Files\Microsoft SQL Server\130\Tools\Binn\;C:\Program Files (x86)\Microsoft SQL Server\140\Tools\Binn\;C:\Program Files\Microsoft SQL Server\Client SDK\ODBC\130\Tools\Binn\;C:\Program Files\Microsoft SQL Server\140\Tools\Binn\;C:\Program Files\Microsoft SQL Server\140\DTS\Binn\;C:\Program Files\Git\cmd;c:\Program Files (x86)\Microsoft SQL Server\90\Tools\binn\;C:\Program Files\nodejs\;C:\Program Files\Microsoft SQL Server\Client SDK\ODBC\170\Tools\Binn\;C:\Java\jdk1.8.0_201\bin;C:\Program Files (x86)\Microsoft SQL Server\150\DTS\Binn\;C:\Program Files (x86)\apache-maven-3.6.1\bin;C:\Program Files (x86)\apache-maven-3.6.0\bin;C:\Users\OkanMazmanoglu\AppData\Local\Programs\Microsoft VS Code\bin;C:\Program Files\heroku\bin;C:\Program Files (x86)\Java\jdk1.8.0_201;C:\Program Files\PostgreSQL\11\bin;C:\Users\OkanMazmanoglu\AppData\Roaming\npm;C:\Program Files\JetBrains\DataGrip 2019.1.2\bin;C:\Program Files\JetBrains\IntelliJ IDEA 2019.1.1\bin;C:\Users\OkanMazmanoglu\AppData\Local\Microsoft\WindowsApps;C:\Users\OkanMazmanoglu\Desktop\sts-4.3.0.RELEASE;
USERNAME=okanmazmanoglu
OS=Windows_NT
PROCESSOR_IDENTIFIER=Intel64 Family 6 Model 58 Stepping 9, GenuineIntel



---------------  S Y S T E M  ---------------

OS: Windows 10.0 , 64 bit Build 18362 (10.0.18362.86)

CPU:total 4 (initial active 4) (2 cores per cpu, 2 threads per core) family 6 model 58 stepping 9, cmov, cx8, fxsr, mmx, sse, sse2, sse3, ssse3, sse4.1, sse4.2, popcnt, avx, aes, clmul, erms, ht, tsc, tscinvbit, tscinv

Memory: 4k page, physical 16638516k(3931004k free), swap 33797496k(3899780k free)

vm_info: Java HotSpot(TM) 64-Bit Server VM (25.211-b12) for windows-amd64 JRE (1.8.0_211-b12), built on Apr  1 2019 20:53:26 by "java_re" with MS VC++ 10.0 (VS2010)

time: Fri Aug 02 16:35:20 2019
timezone: Turkey Standard Time
elapsed time: 934 seconds (0d 0h 15m 34s)

