#
# A fatal error has been detected by the Java Runtime Environment:
#
#  EXCEPTION_ACCESS_VIOLATION (0xc0000005) at pc=0x000000005fa8719c, pid=2916, tid=0x0000000000001e58
#
# JRE version: Java(TM) SE Runtime Environment (8.0_211-b12) (build 1.8.0_211-b12)
# Java VM: Java HotSpot(TM) 64-Bit Server VM (25.211-b12 mixed mode windows-amd64 compressed oops)
# Problematic frame:
# V  [jvm.dll+0xf719c]
#
# Failed to write core dump. Minidumps are not enabled by default on client versions of Windows
#
# If you would like to submit a bug report, please visit:
#   http://bugreport.java.com/bugreport/crash.jsp
#

---------------  T H R E A D  ---------------

Current thread (0x0000000014577000):  VMThread [stack: 0x0000000015600000,0x0000000015700000] [id=7768]

siginfo: ExceptionCode=0xc0000005, reading address 0xffffffffffffffff

Registers:
RAX=0x8000000000000000, RBX=0x000000000000003d, RCX=0x00000000000000ff, RDX=0x000000000000003d
RSP=0x00000000156ff388, RBP=0x00000000156ff490, RSI=0x00000000000000bb, RDI=0x0000000000000022
R8 =0x0000000003166080, R9 =0x0000000000000003, R10=0x0000000000000003, R11=0x0000000017f55060
R12=0x00000000156ff520, R13=0x00000000156ff510, R14=0x0000000000000000, R15=0x0000000000000000
RIP=0x000000005fa8719c, EFLAGS=0x0000000000010202

Top of Stack: (sp=0x00000000156ff388)
0x00000000156ff388:   000000005fb65324 8000000000000000
0x00000000156ff398:   000000000000003d 00000000000000bb
0x00000000156ff3a8:   00000000188440f0 0000000003dc4740
0x00000000156ff3b8:   0000000003dc4600 0000000003dc4650
0x00000000156ff3c8:   000000005fc91bde 0000000003dc473f
0x00000000156ff3d8:   00000000156f000a 00000000156ff3d8
0x00000000156ff3e8:   000000005f010000 0000000003dc4660
0x00000000156ff3f8:   000000005fa219cd 0000682f5eea6ae8
0x00000000156ff408:   0000000003dc4660 0000682f5eea6bd8
0x00000000156ff418:   00000000188472a0 00000000032861a0
0x00000000156ff428:   000000005fa246e5 00000000145769b0
0x00000000156ff438:   000000005fa2fbfe 000000001884c0d8
0x00000000156ff448:   0000000000000000 0000000017f54698
0x00000000156ff458:   0000000000000000 0000000000000000
0x00000000156ff468:   000000005fa2fedd 00000000156ff530
0x00000000156ff478:   0000000003dc4d10 0000000017f54698 

Instructions: (pc=0x000000005fa8719c)
0x000000005fa8717c:   5f c3 cc cc 48 63 c2 48 8b 44 c1 50 48 89 44 24
0x000000005fa8718c:   08 48 8b 44 24 08 0f b6 c8 f6 d1 f6 c1 01 74 05
0x000000005fa8719c:   48 8b 40 10 c3 48 83 e0 fe c3 cc cc cc cc cc cc
0x000000005fa871ac:   cc cc cc cc 48 89 54 24 10 49 63 c0 48 8b 44 c1 


Register to memory mapping:

RAX=0x8000000000000000 is an unknown value
RBX=0x000000000000003d is an unknown value
RCX=0x00000000000000ff is an unknown value
RDX=0x000000000000003d is an unknown value
RSP=0x00000000156ff388 is an unknown value
RBP=0x00000000156ff490 is an unknown value
RSI=0x00000000000000bb is an unknown value
RDI=0x0000000000000022 is an unknown value
R8 =0x0000000003166080 is an unknown value
R9 =0x0000000000000003 is an unknown value
R10=0x0000000000000003 is an unknown value
R11=0x0000000017f55060 is pointing into metadata
R12=0x00000000156ff520 is an unknown value
R13=0x00000000156ff510 is an unknown value
R14=0x0000000000000000 is an unknown value
R15=0x0000000000000000 is an unknown value


Stack: [0x0000000015600000,0x0000000015700000],  sp=0x00000000156ff388,  free space=1020k
Native frames: (J=compiled Java code, j=interpreted, Vv=VM code, C=native code)
V  [jvm.dll+0xf719c]

VM_Operation (0x000000001603f040): RedefineClasses, mode: safepoint, requested by thread 0x00000000145c4000, redefining class com.downpayment.controller.DownpaymentRESTController



---------------  P R O C E S S  ---------------

Java Threads: ( => current thread )
  0x000000001b8ef000 JavaThread "restartedMain" [_thread_blocked, id=20312, stack(0x0000000017780000,0x0000000017880000)]
  0x000000001b8f5800 JavaThread "Thread-6" [_thread_blocked, id=18108, stack(0x00000000013a0000,0x00000000014a0000)]
  0x000000001b8f9000 JavaThread "RMI TCP Connection(105)-127.0.0.1" daemon [_thread_in_native, id=16264, stack(0x000000001dc20000,0x000000001dd20000)]
  0x000000001b8f7800 JavaThread "DestroyJavaVM" [_thread_blocked, id=13956, stack(0x0000000003040000,0x0000000003140000)]
  0x0000000018a44000 JavaThread "Live Reload Server" daemon [_thread_in_native, id=13508, stack(0x000000001c820000,0x000000001c920000)]
  0x0000000018a47800 JavaThread "mysql-cj-abandoned-connection-cleanup" daemon [_thread_blocked, id=1084, stack(0x000000001a550000,0x000000001a650000)]
  0x0000000016f41000 JavaThread "JMX server connection timeout 20" daemon [_thread_blocked, id=19856, stack(0x0000000017c80000,0x0000000017d80000)]
  0x0000000016f2a000 JavaThread "RMI Scheduler(0)" daemon [_thread_blocked, id=15308, stack(0x0000000017a80000,0x0000000017b80000)]
  0x0000000016d1e000 JavaThread "RMI TCP Accept-0" daemon [_thread_in_native, id=19580, stack(0x0000000017440000,0x0000000017540000)]
  0x0000000016d1a800 JavaThread "RMI TCP Accept-61241" daemon [_thread_in_native, id=19736, stack(0x0000000017340000,0x0000000017440000)]
  0x0000000016d10800 JavaThread "RMI TCP Accept-0" daemon [_thread_in_native, id=952, stack(0x0000000017240000,0x0000000017340000)]
  0x000000001648f000 JavaThread "Service Thread" daemon [_thread_blocked, id=11284, stack(0x0000000016940000,0x0000000016a40000)]
  0x0000000016471800 JavaThread "C1 CompilerThread2" daemon [_thread_blocked, id=12968, stack(0x0000000016840000,0x0000000016940000)]
  0x00000000145e9000 JavaThread "C2 CompilerThread1" daemon [_thread_blocked, id=22180, stack(0x0000000016340000,0x0000000016440000)]
  0x00000000145e3800 JavaThread "C2 CompilerThread0" daemon [_thread_blocked, id=19144, stack(0x0000000016240000,0x0000000016340000)]
  0x00000000145d3000 JavaThread "JDWP Command Reader" daemon [_thread_in_native, id=21300, stack(0x0000000016140000,0x0000000016240000)]
  0x00000000145d2000 JavaThread "JDWP Event Helper Thread" daemon [_thread_blocked, id=14620, stack(0x0000000016040000,0x0000000016140000)]
  0x00000000145c4000 JavaThread "JDWP Transport Listener: dt_socket" daemon [_thread_blocked, id=20892, stack(0x0000000015f40000,0x0000000016040000)]
  0x00000000145b9800 JavaThread "Attach Listener" daemon [_thread_blocked, id=14812, stack(0x0000000015b00000,0x0000000015c00000)]
  0x00000000145b8000 JavaThread "Signal Dispatcher" daemon [_thread_blocked, id=1268, stack(0x0000000015a00000,0x0000000015b00000)]
  0x00000000145a0000 JavaThread "Finalizer" daemon [_thread_blocked, id=17692, stack(0x0000000015800000,0x0000000015900000)]
  0x0000000014579000 JavaThread "Reference Handler" daemon [_thread_blocked, id=21248, stack(0x0000000015700000,0x0000000015800000)]

Other Threads:
=>0x0000000014577000 VMThread [stack: 0x0000000015600000,0x0000000015700000] [id=7768]
  0x0000000016d22800 WatcherThread [stack: 0x0000000017540000,0x0000000017640000] [id=17900]

VM state:at safepoint (normal execution)

VM Mutex/Monitor currently owned by a thread:  ([mutex/lock_event])
[0x0000000003146450] Threads_lock - owner thread: 0x0000000014577000

OutOfMemory and StackOverflow Exception counts:
StackOverflowErrors=5355

heap address: 0x00000000e0000000, size: 512 MB, Compressed Oops mode: 32-bit
Narrow klass base: 0x0000000000000000, Narrow klass shift: 3
Compressed class space size: 1073741824 Address: 0x0000000100000000

Heap:
 PSYoungGen      total 137728K, used 7226K [0x00000000f5580000, 0x00000000ff280000, 0x0000000100000000)
  eden space 117760K, 6% used [0x00000000f5580000,0x00000000f5c8ea10,0x00000000fc880000)
  from space 19968K, 0% used [0x00000000fdd00000,0x00000000fdd00000,0x00000000ff080000)
  to   space 20992K, 0% used [0x00000000fc880000,0x00000000fc880000,0x00000000fdd00000)
 ParOldGen       total 155648K, used 19436K [0x00000000e0000000, 0x00000000e9800000, 0x00000000f5580000)
  object space 155648K, 12% used [0x00000000e0000000,0x00000000e12fb278,0x00000000e9800000)
 Metaspace       used 58914K, capacity 62276K, committed 62464K, reserved 1103872K
  class space    used 8338K, capacity 8924K, committed 8960K, reserved 1048576K

Card table byte_map: [0x0000000012600000,0x0000000012710000] byte_map_base: 0x0000000011f00000

Marking Bits: (ParMarkBitMap*) 0x00000000601b5ce0
 Begin Bits: [0x0000000012b10000, 0x0000000013310000)
 End Bits:   [0x0000000013310000, 0x0000000013b10000)

Polling page: 0x00000000011c0000

CodeCache: size=245760Kb used=11791Kb max_used=11791Kb free=233968Kb
 bounds [0x0000000003240000, 0x0000000003dd0000, 0x0000000012240000]
 total_blobs=6719 nmethods=6127 adapters=511
 compilation: enabled

Compilation events (10 events):
Event: 5141.546 Thread 0x0000000016471800 6216       1       org.springframework.boot.logging.DeferredLog$Line::getMessage (5 bytes)
Event: 5141.546 Thread 0x0000000016471800 nmethod 6216 0x0000000003dc3f50 code [0x0000000003dc40a0, 0x0000000003dc41b0]
Event: 5141.546 Thread 0x0000000016471800 6217       1       org.springframework.boot.logging.DeferredLog$Line::getThrowable (5 bytes)
Event: 5141.546 Thread 0x0000000016471800 nmethod 6217 0x0000000003dc4210 code [0x0000000003dc4360, 0x0000000003dc4470]
Event: 5141.548 Thread 0x0000000016471800 6218   !   1       com.sun.proxy.$Proxy15::attribute (29 bytes)
Event: 5141.548 Thread 0x0000000016471800 nmethod 6218 0x0000000003dc44d0 code [0x0000000003dc4660, 0x0000000003dc48d8]
Event: 5141.553 Thread 0x0000000016471800 6219       1       org.springframework.beans.GenericTypeAwarePropertyDescriptor::getBeanClass (5 bytes)
Event: 5141.553 Thread 0x0000000016471800 nmethod 6219 0x0000000003dc4a50 code [0x0000000003dc4ba0, 0x0000000003dc4cb0]
Event: 5141.559 Thread 0x0000000016471800 6220       1       org.springframework.beans.factory.config.BeanDefinitionHolder::getBeanName (5 bytes)
Event: 5141.559 Thread 0x0000000016471800 nmethod 6220 0x0000000003dc4d10 code [0x0000000003dc4e60, 0x0000000003dc4f70]

GC Heap History (10 events):
Event: 4737.169 GC heap before
{Heap before GC invocations=16 (full 2):
 PSYoungGen      total 136192K, used 111793K [0x00000000f5580000, 0x00000000ff480000, 0x0000000100000000)
  eden space 123904K, 80% used [0x00000000f5580000,0x00000000fb72ab08,0x00000000fce80000)
  from space 12288K, 95% used [0x00000000fd100000,0x00000000fdc81980,0x00000000fdd00000)
  to   space 19456K, 0% used [0x00000000fe180000,0x00000000fe180000,0x00000000ff480000)
 ParOldGen       total 149504K, used 19581K [0x00000000e0000000, 0x00000000e9200000, 0x00000000f5580000)
  object space 149504K, 13% used [0x00000000e0000000,0x00000000e131f570,0x00000000e9200000)
 Metaspace       used 55692K, capacity 58834K, committed 59008K, reserved 1099776K
  class space    used 7913K, capacity 8469K, committed 8576K, reserved 1048576K
Event: 4737.208 GC heap after
Heap after GC invocations=16 (full 2):
 PSYoungGen      total 138240K, used 13111K [0x00000000f5580000, 0x00000000ff200000, 0x0000000100000000)
  eden space 121344K, 0% used [0x00000000f5580000,0x00000000f5580000,0x00000000fcc00000)
  from space 16896K, 77% used [0x00000000fe180000,0x00000000fee4de30,0x00000000ff200000)
  to   space 19456K, 0% used [0x00000000fcc00000,0x00000000fcc00000,0x00000000fdf00000)
 ParOldGen       total 149504K, used 19581K [0x00000000e0000000, 0x00000000e9200000, 0x00000000f5580000)
  object space 149504K, 13% used [0x00000000e0000000,0x00000000e131f570,0x00000000e9200000)
 Metaspace       used 55692K, capacity 58834K, committed 59008K, reserved 1099776K
  class space    used 7913K, capacity 8469K, committed 8576K, reserved 1048576K
}
Event: 4737.208 GC heap before
{Heap before GC invocations=17 (full 3):
 PSYoungGen      total 138240K, used 13111K [0x00000000f5580000, 0x00000000ff200000, 0x0000000100000000)
  eden space 121344K, 0% used [0x00000000f5580000,0x00000000f5580000,0x00000000fcc00000)
  from space 16896K, 77% used [0x00000000fe180000,0x00000000fee4de30,0x00000000ff200000)
  to   space 19456K, 0% used [0x00000000fcc00000,0x00000000fcc00000,0x00000000fdf00000)
 ParOldGen       total 149504K, used 19581K [0x00000000e0000000, 0x00000000e9200000, 0x00000000f5580000)
  object space 149504K, 13% used [0x00000000e0000000,0x00000000e131f570,0x00000000e9200000)
 Metaspace       used 55692K, capacity 58834K, committed 59008K, reserved 1099776K
  class space    used 7913K, capacity 8469K, committed 8576K, reserved 1048576K
Event: 4737.559 GC heap after
Heap after GC invocations=17 (full 3):
 PSYoungGen      total 138240K, used 0K [0x00000000f5580000, 0x00000000ff200000, 0x0000000100000000)
  eden space 121344K, 0% used [0x00000000f5580000,0x00000000f5580000,0x00000000fcc00000)
  from space 16896K, 0% used [0x00000000fe180000,0x00000000fe180000,0x00000000ff200000)
  to   space 19456K, 0% used [0x00000000fcc00000,0x00000000fcc00000,0x00000000fdf00000)
 ParOldGen       total 155648K, used 21422K [0x00000000e0000000, 0x00000000e9800000, 0x00000000f5580000)
  object space 155648K, 13% used [0x00000000e0000000,0x00000000e14eb970,0x00000000e9800000)
 Metaspace       used 55364K, capacity 58310K, committed 59008K, reserved 1099776K
  class space    used 7862K, capacity 8377K, committed 8576K, reserved 1048576K
}
Event: 4814.716 GC heap before
{Heap before GC invocations=18 (full 3):
 PSYoungGen      total 138240K, used 121344K [0x00000000f5580000, 0x00000000ff200000, 0x0000000100000000)
  eden space 121344K, 100% used [0x00000000f5580000,0x00000000fcc00000,0x00000000fcc00000)
  from space 16896K, 0% used [0x00000000fe180000,0x00000000fe180000,0x00000000ff200000)
  to   space 19456K, 0% used [0x00000000fcc00000,0x00000000fcc00000,0x00000000fdf00000)
 ParOldGen       total 155648K, used 21422K [0x00000000e0000000, 0x00000000e9800000, 0x00000000f5580000)
  object space 155648K, 13% used [0x00000000e0000000,0x00000000e14eb970,0x00000000e9800000)
 Metaspace       used 58444K, capacity 61662K, committed 62208K, reserved 1101824K
  class space    used 8261K, capacity 8853K, committed 8960K, reserved 1048576K
Event: 4814.823 GC heap after
Heap after GC invocations=18 (full 3):
 PSYoungGen      total 134656K, used 15597K [0x00000000f5580000, 0x00000000ff080000, 0x0000000100000000)
  eden space 118784K, 0% used [0x00000000f5580000,0x00000000f5580000,0x00000000fc980000)
  from space 15872K, 98% used [0x00000000fcc00000,0x00000000fdb3b530,0x00000000fdb80000)
  to   space 19968K, 0% used [0x00000000fdd00000,0x00000000fdd00000,0x00000000ff080000)
 ParOldGen       total 155648K, used 21430K [0x00000000e0000000, 0x00000000e9800000, 0x00000000f5580000)
  object space 155648K, 13% used [0x00000000e0000000,0x00000000e14ed970,0x00000000e9800000)
 Metaspace       used 58444K, capacity 61662K, committed 62208K, reserved 1101824K
  class space    used 8261K, capacity 8853K, committed 8960K, reserved 1048576K
}
Event: 5140.253 GC heap before
{Heap before GC invocations=19 (full 3):
 PSYoungGen      total 134656K, used 126857K [0x00000000f5580000, 0x00000000ff080000, 0x0000000100000000)
  eden space 118784K, 93% used [0x00000000f5580000,0x00000000fc2271a0,0x00000000fc980000)
  from space 15872K, 98% used [0x00000000fcc00000,0x00000000fdb3b530,0x00000000fdb80000)
  to   space 19968K, 0% used [0x00000000fdd00000,0x00000000fdd00000,0x00000000ff080000)
 ParOldGen       total 155648K, used 21430K [0x00000000e0000000, 0x00000000e9800000, 0x00000000f5580000)
  object space 155648K, 13% used [0x00000000e0000000,0x00000000e14ed970,0x00000000e9800000)
 Metaspace       used 58895K, capacity 62260K, committed 62464K, reserved 1103872K
  class space    used 8335K, capacity 8921K, committed 8960K, reserved 1048576K
Event: 5140.278 GC heap after
Heap after GC invocations=19 (full 3):
 PSYoungGen      total 137728K, used 2377K [0x00000000f5580000, 0x00000000ff280000, 0x0000000100000000)
  eden space 117760K, 0% used [0x00000000f5580000,0x00000000f5580000,0x00000000fc880000)
  from space 19968K, 11% used [0x00000000fdd00000,0x00000000fdf525d8,0x00000000ff080000)
  to   space 20992K, 0% used [0x00000000fc880000,0x00000000fc880000,0x00000000fdd00000)
 ParOldGen       total 155648K, used 21438K [0x00000000e0000000, 0x00000000e9800000, 0x00000000f5580000)
  object space 155648K, 13% used [0x00000000e0000000,0x00000000e14ef970,0x00000000e9800000)
 Metaspace       used 58895K, capacity 62260K, committed 62464K, reserved 1103872K
  class space    used 8335K, capacity 8921K, committed 8960K, reserved 1048576K
}
Event: 5140.278 GC heap before
{Heap before GC invocations=20 (full 4):
 PSYoungGen      total 137728K, used 2377K [0x00000000f5580000, 0x00000000ff280000, 0x0000000100000000)
  eden space 117760K, 0% used [0x00000000f5580000,0x00000000f5580000,0x00000000fc880000)
  from space 19968K, 11% used [0x00000000fdd00000,0x00000000fdf525d8,0x00000000ff080000)
  to   space 20992K, 0% used [0x00000000fc880000,0x00000000fc880000,0x00000000fdd00000)
 ParOldGen       total 155648K, used 21438K [0x00000000e0000000, 0x00000000e9800000, 0x00000000f5580000)
  object space 155648K, 13% used [0x00000000e0000000,0x00000000e14ef970,0x00000000e9800000)
 Metaspace       used 58895K, capacity 62260K, committed 62464K, reserved 1103872K
  class space    used 8335K, capacity 8921K, committed 8960K, reserved 1048576K
Event: 5140.775 GC heap after
Heap after GC invocations=20 (full 4):
 PSYoungGen      total 137728K, used 0K [0x00000000f5580000, 0x00000000ff280000, 0x0000000100000000)
  eden space 117760K, 0% used [0x00000000f5580000,0x00000000f5580000,0x00000000fc880000)
  from space 19968K, 0% used [0x00000000fdd00000,0x00000000fdd00000,0x00000000ff080000)
  to   space 20992K, 0% used [0x00000000fc880000,0x00000000fc880000,0x00000000fdd00000)
 ParOldGen       total 155648K, used 19436K [0x00000000e0000000, 0x00000000e9800000, 0x00000000f5580000)
  object space 155648K, 12% used [0x00000000e0000000,0x00000000e12fb278,0x00000000e9800000)
 Metaspace       used 58893K, capacity 62254K, committed 62464K, reserved 1103872K
  class space    used 8334K, capacity 8920K, committed 8960K, reserved 1048576K
}

Deoptimization events (0 events):
No events

Classes redefined (1 events):
Event: 5136.833 Thread 0x0000000014577000 redefined class name=com.downpayment.controller.DownpaymentRESTController, count=1

Internal exceptions (10 events):
Event: 4815.792 Thread 0x000000001b8ed800 Exception <a 'java/lang/StackOverflowError'> (0x00000000f7dba720) thrown at [C:\re\workspace\8-2-build-windows-amd64-cygwin\jdk8u211\12973\hotspot\src\share\vm\runtime\javaCalls.cpp, line 386]
Event: 4815.792 Thread 0x000000001b8ed800 Exception <a 'java/lang/StackOverflowError'> (0x00000000f7dba720) thrown at [C:\re\workspace\8-2-build-windows-amd64-cygwin\jdk8u211\12973\hotspot\src\share\vm\classfile\systemDictionary.cpp, line 1550]
Event: 4815.794 Thread 0x000000001b8ed800 Exception <a 'java/lang/StackOverflowError'> (0x00000000f7dba720) thrown at [C:\re\workspace\8-2-build-windows-amd64-cygwin\jdk8u211\12973\hotspot\src\share\vm\prims\jvm.cpp, line 1506]
Event: 4816.781 Thread 0x000000001b8ed800 Exception <a 'java/lang/ArrayIndexOutOfBoundsException'> (0x00000000f8f67da0) thrown at [C:\re\workspace\8-2-build-windows-amd64-cygwin\jdk8u211\12973\hotspot\src\share\vm\runtime\sharedRuntime.cpp, line 605]
Event: 4816.784 Thread 0x000000001b8ed800 Exception <a 'java/lang/ArrayIndexOutOfBoundsException'> (0x00000000f8f78780) thrown at [C:\re\workspace\8-2-build-windows-amd64-cygwin\jdk8u211\12973\hotspot\src\share\vm\runtime\sharedRuntime.cpp, line 605]
Event: 4816.800 Thread 0x000000001b8ed800 Exception <a 'java/lang/ArrayIndexOutOfBoundsException'> (0x00000000f923e108) thrown at [C:\re\workspace\8-2-build-windows-amd64-cygwin\jdk8u211\12973\hotspot\src\share\vm\runtime\sharedRuntime.cpp, line 605]
Event: 4827.440 Thread 0x000000001b8f9000 Exception <a 'java/lang/NoSuchMethodError': <clinit>> (0x00000000f948b0d8) thrown at [C:\re\workspace\8-2-build-windows-amd64-cygwin\jdk8u211\12973\hotspot\src\share\vm\prims\jni.cpp, line 1614]
Event: 5140.190 Thread 0x000000001b8f5800 Exception <a 'java/lang/NoSuchMethodError': <clinit>> (0x00000000fbe2ec78) thrown at [C:\re\workspace\8-2-build-windows-amd64-cygwin\jdk8u211\12973\hotspot\src\share\vm\prims\jni.cpp, line 1614]
Event: 5140.246 Thread 0x0000000018a47000 Exception <a 'java/lang/InterruptedException': sleep interrupted> (0x00000000fc182a08) thrown at [C:\re\workspace\8-2-build-windows-amd64-cygwin\jdk8u211\12973\hotspot\src\share\vm\prims\jvm.cpp, line 3336]
Event: 5140.892 Thread 0x000000001b8ef000 Exception <a 'java/io/FileNotFoundException'> (0x00000000f57c1050) thrown at [C:\re\workspace\8-2-build-windows-amd64-cygwin\jdk8u211\12973\hotspot\src\share\vm\prims\jni.cpp, line 710]

Events (10 events):
Event: 5141.561 Thread 0x000000001b8ef000 DEOPT UNPACKING pc=0x0000000003287890 sp=0x000000001787ce60 mode 1
Event: 5141.561 Thread 0x000000001b8ef000 DEOPT PACKING pc=0x00000000034519c9 sp=0x000000001787d080
Event: 5141.561 Thread 0x000000001b8ef000 DEOPT UNPACKING pc=0x0000000003287890 sp=0x000000001787cde0 mode 1
Event: 5141.562 Thread 0x000000001b8ef000 DEOPT PACKING pc=0x000000000343b234 sp=0x000000001787d1d0
Event: 5141.562 Thread 0x000000001b8ef000 DEOPT UNPACKING pc=0x0000000003287890 sp=0x000000001787cf48 mode 1
Event: 5141.562 Thread 0x000000001b8ef000 DEOPT PACKING pc=0x000000000343a83c sp=0x000000001787d280
Event: 5141.562 Thread 0x000000001b8ef000 DEOPT UNPACKING pc=0x0000000003287890 sp=0x000000001787cfc0 mode 1
Event: 5141.562 Thread 0x000000001b8ef000 DEOPT PACKING pc=0x000000000349250c sp=0x000000001787dbb0
Event: 5141.562 Thread 0x000000001b8ef000 DEOPT UNPACKING pc=0x0000000003287890 sp=0x000000001787d928 mode 1
Event: 5141.562 Executing VM operation: RedefineClasses


Dynamic libraries:
0x00007ff709630000 - 0x00007ff709667000 	C:\Program Files\Java\jre1.8.0_211\bin\javaw.exe
0x00007ff922440000 - 0x00007ff922630000 	C:\WINDOWS\SYSTEM32\ntdll.dll
0x00007ff921ef0000 - 0x00007ff921fa2000 	C:\WINDOWS\System32\KERNEL32.DLL
0x00007ff91f540000 - 0x00007ff91f7e3000 	C:\WINDOWS\System32\KERNELBASE.dll
0x00007ff920500000 - 0x00007ff9205a3000 	C:\WINDOWS\System32\ADVAPI32.dll
0x00007ff920f90000 - 0x00007ff92102e000 	C:\WINDOWS\System32\msvcrt.dll
0x00007ff922160000 - 0x00007ff9221f7000 	C:\WINDOWS\System32\sechost.dll
0x00007ff922040000 - 0x00007ff922160000 	C:\WINDOWS\System32\RPCRT4.dll
0x00007ff920720000 - 0x00007ff9208b3000 	C:\WINDOWS\System32\USER32.dll
0x00007ff91f7f0000 - 0x00007ff91f811000 	C:\WINDOWS\System32\win32u.dll
0x00007ff921bf0000 - 0x00007ff921c16000 	C:\WINDOWS\System32\GDI32.dll
0x00007ff91f820000 - 0x00007ff91f9b4000 	C:\WINDOWS\System32\gdi32full.dll
0x00007ff91fb60000 - 0x00007ff91fbfe000 	C:\WINDOWS\System32\msvcp_win.dll
0x00007ff91f440000 - 0x00007ff91f53a000 	C:\WINDOWS\System32\ucrtbase.dll
0x00007ff8fe5e0000 - 0x00007ff8fe865000 	C:\WINDOWS\WinSxS\amd64_microsoft.windows.common-controls_6595b64144ccf1df_6.0.18362.239_none_e6c7aebd130c7608\COMCTL32.dll
0x00007ff9211d0000 - 0x00007ff921506000 	C:\WINDOWS\System32\combase.dll
0x00007ff91f9c0000 - 0x00007ff91fa40000 	C:\WINDOWS\System32\bcryptPrimitives.dll
0x00007ff9205c0000 - 0x00007ff9205ee000 	C:\WINDOWS\System32\IMM32.DLL
0x000000005f830000 - 0x000000005f902000 	C:\Program Files\Java\jre1.8.0_211\bin\msvcr100.dll
0x000000005f990000 - 0x0000000060235000 	C:\Program Files\Java\jre1.8.0_211\bin\server\jvm.dll
0x00007ff922010000 - 0x00007ff922018000 	C:\WINDOWS\System32\PSAPI.DLL
0x00007ff8fb420000 - 0x00007ff8fb429000 	C:\WINDOWS\SYSTEM32\WSOCK32.dll
0x00007ff921c20000 - 0x00007ff921c8f000 	C:\WINDOWS\System32\WS2_32.dll
0x00007ff911d60000 - 0x00007ff911d84000 	C:\WINDOWS\SYSTEM32\WINMM.dll
0x00007ff919d30000 - 0x00007ff919d3a000 	C:\WINDOWS\SYSTEM32\VERSION.dll
0x00007ff911d30000 - 0x00007ff911d5d000 	C:\WINDOWS\SYSTEM32\WINMMBASE.dll
0x00007ff91faf0000 - 0x00007ff91fb3a000 	C:\WINDOWS\System32\cfgmgr32.dll
0x00007ff919850000 - 0x00007ff91985f000 	C:\Program Files\Java\jre1.8.0_211\bin\verify.dll
0x00007ff8f4d20000 - 0x00007ff8f4d49000 	C:\Program Files\Java\jre1.8.0_211\bin\java.dll
0x00007ff8d9c50000 - 0x00007ff8d9c85000 	C:\Program Files\Java\jre1.8.0_211\bin\jdwp.dll
0x00007ff912b90000 - 0x00007ff912b98000 	C:\Program Files\Java\jre1.8.0_211\bin\npt.dll
0x00007ff8fcb80000 - 0x00007ff8fcb96000 	C:\Program Files\Java\jre1.8.0_211\bin\zip.dll
0x00007ff921510000 - 0x00007ff921bf0000 	C:\WINDOWS\System32\SHELL32.dll
0x00007ff922200000 - 0x00007ff9222a9000 	C:\WINDOWS\System32\shcore.dll
0x00007ff91fd80000 - 0x00007ff9204fb000 	C:\WINDOWS\System32\windows.storage.dll
0x00007ff91f3c0000 - 0x00007ff91f3df000 	C:\WINDOWS\System32\profapi.dll
0x00007ff91f370000 - 0x00007ff91f3ba000 	C:\WINDOWS\System32\powrprof.dll
0x00007ff91f320000 - 0x00007ff91f330000 	C:\WINDOWS\System32\UMPDC.dll
0x00007ff9206c0000 - 0x00007ff920712000 	C:\WINDOWS\System32\shlwapi.dll
0x00007ff91f350000 - 0x00007ff91f361000 	C:\WINDOWS\System32\kernel.appcore.dll
0x00007ff91fb40000 - 0x00007ff91fb57000 	C:\WINDOWS\System32\cryptsp.dll
0x00007ff912b80000 - 0x00007ff912b89000 	C:\Program Files\Java\jre1.8.0_211\bin\dt_socket.dll
0x00007ff8ebbd0000 - 0x00007ff8ebbe6000 	C:\WINDOWS\system32\napinsp.dll
0x00007ff8ebbf0000 - 0x00007ff8ebc0a000 	C:\WINDOWS\system32\pnrpnsp.dll
0x00007ff91eae0000 - 0x00007ff91eb47000 	C:\WINDOWS\System32\mswsock.dll
0x00007ff91e890000 - 0x00007ff91e95a000 	C:\WINDOWS\SYSTEM32\DNSAPI.dll
0x00007ff9205b0000 - 0x00007ff9205b8000 	C:\WINDOWS\System32\NSI.dll
0x00007ff91e850000 - 0x00007ff91e88a000 	C:\WINDOWS\SYSTEM32\IPHLPAPI.DLL
0x00007ff8ebc10000 - 0x00007ff8ebc1e000 	C:\WINDOWS\System32\winrnr.dll
0x00007ff9183e0000 - 0x00007ff9183fc000 	C:\WINDOWS\system32\NLAapi.dll
0x00007ff91bff0000 - 0x00007ff91c005000 	C:\WINDOWS\system32\wshbth.dll
0x00007ff91be80000 - 0x00007ff91bef7000 	C:\WINDOWS\System32\fwpuclnt.dll
0x00007ff91fd50000 - 0x00007ff91fd76000 	C:\WINDOWS\System32\bcrypt.dll
0x00007ff919d80000 - 0x00007ff919d8a000 	C:\Windows\System32\rasadhlp.dll
0x00007ff91bd00000 - 0x00007ff91bd0d000 	C:\Program Files\Java\jre1.8.0_211\bin\management.dll
0x00007ff8fddc0000 - 0x00007ff8fddda000 	C:\Program Files\Java\jre1.8.0_211\bin\net.dll
0x00007ff901b60000 - 0x00007ff901d36000 	C:\WINDOWS\SYSTEM32\urlmon.dll
0x00007ff901e70000 - 0x00007ff902116000 	C:\WINDOWS\SYSTEM32\iertutil.dll
0x00007ff91ec60000 - 0x00007ff91ec6c000 	C:\WINDOWS\SYSTEM32\CRYPTBASE.DLL
0x00007ff8fdda0000 - 0x00007ff8fddb2000 	C:\Program Files\Java\jre1.8.0_211\bin\nio.dll
0x00007ff91e6b0000 - 0x00007ff91e6e3000 	C:\WINDOWS\system32\rsaenh.dll
0x00007ff91f240000 - 0x00007ff91f265000 	C:\WINDOWS\SYSTEM32\USERENV.dll
0x00007ff91b9f0000 - 0x00007ff91ba06000 	C:\WINDOWS\SYSTEM32\dhcpcsvc6.DLL
0x00007ff91b4f0000 - 0x00007ff91b50c000 	C:\WINDOWS\SYSTEM32\dhcpcsvc.DLL
0x00007ff91b9c0000 - 0x00007ff91b9e4000 	C:\Program Files\Java\jre1.8.0_211\bin\sunec.dll
0x00007ff91bcf0000 - 0x00007ff91bcfb000 	C:\Program Files\Java\jre1.8.0_211\bin\sunmscapi.dll
0x00007ff91fc00000 - 0x00007ff91fd49000 	C:\WINDOWS\System32\CRYPT32.dll
0x00007ff91f330000 - 0x00007ff91f342000 	C:\WINDOWS\System32\MSASN1.dll
0x00007ff9186e0000 - 0x00007ff9188d4000 	C:\WINDOWS\SYSTEM32\dbghelp.dll

VM Arguments:
jvm_args: -agentlib:jdwp=transport=dt_socket,suspend=y,address=localhost:61242 -Dcom.sun.management.jmxremote -Dcom.sun.management.jmxremote.port=61241 -Dcom.sun.management.jmxremote.authenticate=false -Dcom.sun.management.jmxremote.ssl=false -Djava.rmi.server.hostname=localhost -Dspring.jmx.enabled=true -Dspring.application.admin.enabled=true -Xverify:none -XX:TieredStopAtLevel=1 -Dfile.encoding=UTF-8 -Xmx512M 
java_command: com.downpayment.DownpaymentApplication --spring.output.ansi.enabled=always
java_class_path (initial): C:\Users\OkanMazmanoglu\git\downpayment\downpayment\target\classes;C:\Users\OkanMazmanoglu\.m2\repository\org\springframework\boot\spring-boot-starter-data-jpa\2.2.0.BUILD-SNAPSHOT\spring-boot-starter-data-jpa-2.2.0.BUILD-SNAPSHOT.jar;C:\Users\OkanMazmanoglu\.m2\repository\org\springframework\boot\spring-boot-starter-aop\2.2.0.BUILD-SNAPSHOT\spring-boot-starter-aop-2.2.0.BUILD-SNAPSHOT.jar;C:\Users\OkanMazmanoglu\.m2\repository\org\aspectj\aspectjweaver\1.9.4\aspectjweaver-1.9.4.jar;C:\Users\OkanMazmanoglu\.m2\repository\jakarta\activation\jakarta.activation-api\1.2.1\jakarta.activation-api-1.2.1.jar;C:\Users\OkanMazmanoglu\.m2\repository\jakarta\persistence\jakarta.persistence-api\2.2.2\jakarta.persistence-api-2.2.2.jar;C:\Users\OkanMazmanoglu\.m2\repository\jakarta\transaction\jakarta.transaction-api\1.3.2\jakarta.transaction-api-1.3.2.jar;C:\Users\OkanMazmanoglu\.m2\repository\org\hibernate\hibernate-core\5.4.4.Final\hibernate-core-5.4.4.Final.jar;C:\Users\OkanMazmanoglu\.m2\repository\org\jboss\logging\jboss-logging\3.4.0.Final\jboss-logging-3.4.0.Final.jar;C:\Users\OkanMazmanoglu\.m2\repository\org\javassist\javassist\3.24.0-GA\javassist-3.24.0-GA.jar;C:\Users\OkanMazmanoglu\.m2\repository\net\bytebuddy\byte-buddy\1.9.16\byte-buddy-1.9.16.jar;C:\Users\OkanMazmanoglu\.m2\repository\antlr\antlr\2.7.7\antlr-2.7.7.jar;C:\Users\OkanMazmanoglu\.m2\repository\org\jboss\jandex\2.0.5.Final\jandex-2.0.5.Final.jar;C:\Users\OkanMazmanoglu\.m2\repository\com\fasterxml\classmate\1.5.0\classmate-1.5.0.jar;C:\Users\OkanMazmanoglu\.m2\repository\org\dom4j\dom4j\2.1.1\dom4j-2.1.1.jar;C:\Users\OkanMazmanoglu\.m2\repository\org\hibernate\common\hibernate-commons-annotations\5.1.0.Final\hibernate-commons-annotations-5.1.0.Final.jar;C:\Users\OkanMazmanoglu\.m2\repository\org\glassfish\jaxb\jaxb-runtime\2.3.2\jaxb-runtime-2.3.2.jar;C:\Users\OkanMazmanoglu\.m2\repository\org\glassfish\jaxb\txw2\2.3.2\txw2-2.3.2.jar;C:\Users\OkanMazmanoglu\.m2\repository\co
Launcher Type: SUN_STANDARD

Environment Variables:
JAVA_HOME=C:\Java\jdk1.8.0_201
_JAVA_OPTIONS=-Xmx512M
PATH=C:/Program Files/Java/jre1.8.0_211/bin/server;C:/Program Files/Java/jre1.8.0_211/bin;C:/Program Files/Java/jre1.8.0_211/lib/amd64;C:\Program Files (x86)\Common Files\Oracle\Java\javapath;C:\WINDOWS\system32;C:\WINDOWS;C:\WINDOWS\System32\Wbem;C:\WINDOWS\System32\WindowsPowerShell\v1.0\;C:\WINDOWS\System32\OpenSSH\;C:\Program Files\dotnet\;C:\Program Files\Microsoft SQL Server\130\Tools\Binn\;C:\Program Files (x86)\Microsoft SQL Server\140\Tools\Binn\;C:\Program Files\Microsoft SQL Server\Client SDK\ODBC\130\Tools\Binn\;C:\Program Files\Microsoft SQL Server\140\Tools\Binn\;C:\Program Files\Microsoft SQL Server\140\DTS\Binn\;C:\Program Files\Git\cmd;c:\Program Files (x86)\Microsoft SQL Server\90\Tools\binn\;C:\Program Files\nodejs\;C:\Program Files\Microsoft SQL Server\Client SDK\ODBC\170\Tools\Binn\;C:\Java\jdk1.8.0_201\bin;C:\Program Files (x86)\Microsoft SQL Server\150\DTS\Binn\;C:\Program Files (x86)\apache-maven-3.6.1\bin;C:\Program Files (x86)\apache-maven-3.6.0\bin;C:\Users\OkanMazmanoglu\AppData\Local\Programs\Microsoft VS Code\bin;C:\Program Files\heroku\bin;C:\Program Files (x86)\Java\jdk1.8.0_201;C:\Program Files\PostgreSQL\11\bin;C:\Users\OkanMazmanoglu\AppData\Roaming\npm;C:\Program Files\JetBrains\DataGrip 2019.1.2\bin;;C:\Program Files\JetBrains\IntelliJ IDEA 2019.1.1\bin;;C:\Users\OkanMazmanoglu\AppData\Local\Microsoft\WindowsApps;;C:\Users\OkanMazmanoglu\Desktop\sts-4.3.0.RELEASE;
USERNAME=okanmazmanoglu
OS=Windows_NT
PROCESSOR_IDENTIFIER=Intel64 Family 6 Model 58 Stepping 9, GenuineIntel



---------------  S Y S T E M  ---------------

OS: Windows 10.0 , 64 bit Build 18362 (10.0.18362.86)

CPU:total 4 (initial active 4) (2 cores per cpu, 2 threads per core) family 6 model 58 stepping 9, cmov, cx8, fxsr, mmx, sse, sse2, sse3, ssse3, sse4.1, sse4.2, popcnt, avx, aes, clmul, erms, ht, tsc, tscinvbit, tscinv

Memory: 4k page, physical 16638516k(3602832k free), swap 26025356k(4701424k free)

vm_info: Java HotSpot(TM) 64-Bit Server VM (25.211-b12) for windows-amd64 JRE (1.8.0_211-b12), built on Apr  1 2019 20:53:26 by "java_re" with MS VC++ 10.0 (VS2010)

time: Wed Sep 11 12:01:47 2019
timezone: Turkey Standard Time
elapsed time: 5141 seconds (0d 1h 25m 41s)

